TN:
SF:src/index.tsx
FN:5,(anonymous_1)
FNF:1
FNH:0
FNDA:0,(anonymous_1)
DA:1,0
DA:2,0
DA:3,0
DA:5,0
DA:9,0
LF:5
LH:0
BRF:0
BRH:0
end_of_record
TN:
SF:src/utils/example/example.ts
FN:1,testSyncFunction
FN:5,testAsyncFunction
FN:6,(anonymous_2)
FN:7,(anonymous_3)
FN:13,testExceptionFunction
FN:17,testCallbackFunction
FNF:6
FNH:6
FNDA:1,testSyncFunction
FNDA:1,testAsyncFunction
FNDA:1,(anonymous_2)
FNDA:1,(anonymous_3)
FNDA:1,testExceptionFunction
FNDA:1,testCallbackFunction
DA:1,1
DA:2,1
DA:5,1
DA:6,1
DA:7,1
DA:8,1
DA:13,1
DA:14,1
DA:17,1
DA:18,1
LF:10
LH:10
BRF:0
BRH:0
end_of_record
